<?xml version="1.0" encoding="UTF-8"?>
<testng-results skipped="0" failed="0" total="1" passed="1">
  <reporter-output>
  </reporter-output>
  <suite name="Default suite" duration-ms="2404" started-at="2018-07-02T05:26:05Z" finished-at="2018-07-02T05:26:08Z">
    <groups>
    </groups>
    <test name="Default test" duration-ms="2404" started-at="2018-07-02T05:26:05Z" finished-at="2018-07-02T05:26:08Z">
      <class name="com.qa.test.PostAPITest">
        <test-method status="PASS" signature="initializeData()[pri:0, instance:com.qa.test.PostAPITest@2ef5e5e3]" name="initializeData" is-config="true" duration-ms="14" started-at="2018-07-02T10:56:05Z" finished-at="2018-07-02T10:56:05Z">
          <reporter-output>
          </reporter-output>
        </test-method> <!-- initializeData -->
        <test-method status="PASS" signature="postAPITest()[pri:0, instance:com.qa.test.PostAPITest@2ef5e5e3]" name="postAPITest" duration-ms="2357" started-at="2018-07-02T10:56:05Z" finished-at="2018-07-02T10:56:08Z">
          <reporter-output>
          </reporter-output>
        </test-method> <!-- postAPITest -->
      </class> <!-- com.qa.test.PostAPITest -->
    </test> <!-- Default test -->
  </suite> <!-- Default suite -->
</testng-results>
